{"contracts/crowdsale/CappedCrowdsale.sol":{"l":{"16":42,"17":42,"24":0,"25":0,"31":10,"32":10},"path":"/Users/mhg/emindhub-crowdsale/contracts/crowdsale/CappedCrowdsale.sol","s":{"1":42,"2":42,"3":0,"4":0,"5":10,"6":10},"b":{"1":[42,0]},"f":{"1":42,"2":0,"3":10},"fnMap":{"1":{"name":"CappedCrowdsale","line":15,"loc":{"start":{"line":15,"column":2},"end":{"line":15,"column":47}}},"2":{"name":"validPurchase","line":23,"loc":{"start":{"line":23,"column":2},"end":{"line":23,"column":50}}},"3":{"name":"hasEnded","line":30,"loc":{"start":{"line":30,"column":2},"end":{"line":30,"column":48}}}},"statementMap":{"1":{"start":{"line":16,"column":4},"end":{"line":16,"column":20}},"2":{"start":{"line":17,"column":4},"end":{"line":17,"column":13}},"3":{"start":{"line":24,"column":4},"end":{"line":24,"column":51}},"4":{"start":{"line":25,"column":4},"end":{"line":25,"column":45}},"5":{"start":{"line":31,"column":4},"end":{"line":31,"column":37}},"6":{"start":{"line":32,"column":4},"end":{"line":32,"column":41}}},"branchMap":{"1":{"line":16,"type":"if","locations":[{"start":{"line":16,"column":4},"end":{"line":16,"column":4}},{"start":{"line":16,"column":4},"end":{"line":16,"column":4}}]}}},"contracts/crowdsale/Crowdsale.sol":{"l":{"45":42,"46":42,"47":42,"49":42,"50":42,"51":42,"52":42,"58":0,"64":0,"69":0,"70":0,"72":0,"75":0,"78":0,"80":0,"81":0,"83":0,"89":0,"95":0,"96":0,"97":0,"102":10},"path":"/Users/mhg/emindhub-crowdsale/contracts/crowdsale/Crowdsale.sol","s":{"1":42,"2":42,"3":42,"4":42,"5":42,"6":42,"7":42,"8":0,"9":0,"10":0,"11":0,"12":0,"13":0,"14":0,"15":0,"16":0,"17":0,"18":0,"19":0,"20":10},"b":{"1":[42,0],"2":[42,0],"3":[42,0],"4":[0,0],"5":[0,0]},"f":{"1":42,"2":0,"3":0,"4":0,"5":0,"6":0,"7":10},"fnMap":{"1":{"name":"Crowdsale","line":44,"loc":{"start":{"line":44,"column":2},"end":{"line":44,"column":82}}},"2":{"name":"createTokenContract","line":57,"loc":{"start":{"line":57,"column":2},"end":{"line":57,"column":65}}},"3":{"name":null,"line":63,"loc":{"start":{"line":63,"column":2},"end":{"line":63,"column":30}}},"4":{"name":"buyTokens","line":68,"loc":{"start":{"line":68,"column":2},"end":{"line":68,"column":56}}},"5":{"name":"forwardFunds","line":88,"loc":{"start":{"line":88,"column":2},"end":{"line":88,"column":34}}},"6":{"name":"validPurchase","line":94,"loc":{"start":{"line":94,"column":2},"end":{"line":94,"column":50}}},"7":{"name":"hasEnded","line":101,"loc":{"start":{"line":101,"column":2},"end":{"line":101,"column":48}}}},"statementMap":{"1":{"start":{"line":45,"column":4},"end":{"line":45,"column":29}},"2":{"start":{"line":46,"column":4},"end":{"line":46,"column":34}},"3":{"start":{"line":47,"column":4},"end":{"line":47,"column":33}},"4":{"start":{"line":49,"column":4},"end":{"line":49,"column":32}},"5":{"start":{"line":50,"column":4},"end":{"line":50,"column":25}},"6":{"start":{"line":51,"column":4},"end":{"line":51,"column":21}},"7":{"start":{"line":52,"column":4},"end":{"line":52,"column":19}},"8":{"start":{"line":58,"column":4},"end":{"line":58,"column":30}},"9":{"start":{"line":64,"column":4},"end":{"line":64,"column":24}},"10":{"start":{"line":69,"column":4},"end":{"line":69,"column":37}},"11":{"start":{"line":70,"column":4},"end":{"line":70,"column":27}},"12":{"start":{"line":72,"column":4},"end":{"line":72,"column":32}},"13":{"start":{"line":75,"column":4},"end":{"line":75,"column":39}},"14":{"start":{"line":78,"column":4},"end":{"line":78,"column":39}},"15":{"start":{"line":81,"column":4},"end":{"line":81,"column":60}},"16":{"start":{"line":83,"column":4},"end":{"line":83,"column":17}},"17":{"start":{"line":95,"column":4},"end":{"line":95,"column":57}},"18":{"start":{"line":96,"column":4},"end":{"line":96,"column":40}},"19":{"start":{"line":97,"column":4},"end":{"line":97,"column":42}},"20":{"start":{"line":102,"column":4},"end":{"line":102,"column":24}}},"branchMap":{"1":{"line":45,"type":"if","locations":[{"start":{"line":45,"column":4},"end":{"line":45,"column":4}},{"start":{"line":45,"column":4},"end":{"line":45,"column":4}}]},"2":{"line":46,"type":"if","locations":[{"start":{"line":46,"column":4},"end":{"line":46,"column":4}},{"start":{"line":46,"column":4},"end":{"line":46,"column":4}}]},"3":{"line":47,"type":"if","locations":[{"start":{"line":47,"column":4},"end":{"line":47,"column":4}},{"start":{"line":47,"column":4},"end":{"line":47,"column":4}}]},"4":{"line":69,"type":"if","locations":[{"start":{"line":69,"column":4},"end":{"line":69,"column":4}},{"start":{"line":69,"column":4},"end":{"line":69,"column":4}}]},"5":{"line":70,"type":"if","locations":[{"start":{"line":70,"column":4},"end":{"line":70,"column":4}},{"start":{"line":70,"column":4},"end":{"line":70,"column":4}}]}}},"contracts/crowdsale/FinalizableCrowdsale.sol":{"l":{"24":10,"25":9,"27":9,"28":9,"30":9},"path":"/Users/mhg/emindhub-crowdsale/contracts/crowdsale/FinalizableCrowdsale.sol","s":{"1":10,"2":9,"3":9,"4":9,"5":9},"b":{"1":[9,1],"2":[9,0]},"f":{"1":10,"2":9},"fnMap":{"1":{"name":"finalize","line":23,"loc":{"start":{"line":23,"column":2},"end":{"line":23,"column":38}}},"2":{"name":"finalization","line":38,"loc":{"start":{"line":38,"column":2},"end":{"line":38,"column":34}}}},"statementMap":{"1":{"start":{"line":24,"column":4},"end":{"line":24,"column":24}},"2":{"start":{"line":25,"column":4},"end":{"line":25,"column":22}},"3":{"start":{"line":27,"column":4},"end":{"line":27,"column":17}},"4":{"start":{"line":28,"column":4},"end":{"line":28,"column":14}},"5":{"start":{"line":30,"column":4},"end":{"line":30,"column":21}}},"branchMap":{"1":{"line":24,"type":"if","locations":[{"start":{"line":24,"column":4},"end":{"line":24,"column":4}},{"start":{"line":24,"column":4},"end":{"line":24,"column":4}}]},"2":{"line":25,"type":"if","locations":[{"start":{"line":25,"column":4},"end":{"line":25,"column":4}},{"start":{"line":25,"column":4},"end":{"line":25,"column":4}}]}}},"contracts/crowdsale/ProgressiveIndividualCappedCrowdsale.sol":{"l":{"25":42,"26":42,"37":50,"38":50,"39":50,"40":50,"41":50,"53":50,"54":50,"55":50,"58":50},"path":"/Users/mhg/emindhub-crowdsale/contracts/crowdsale/ProgressiveIndividualCappedCrowdsale.sol","s":{"1":42,"2":42,"3":50,"4":50,"5":50,"6":50,"7":50,"8":50,"9":0,"10":50,"11":50,"12":50},"b":{"1":[50,0],"2":[0,50]},"f":{"1":42,"2":50,"3":50},"fnMap":{"1":{"name":"ProgressiveIndividualCappedCrowdsale","line":22,"loc":{"start":{"line":22,"column":4},"end":{"line":24,"column":5}}},"2":{"name":"validPurchase","line":33,"loc":{"start":{"line":33,"column":4},"end":{"line":36,"column":5}}},"3":{"name":"getCurrentEthCapPerAddress","line":49,"loc":{"start":{"line":49,"column":4},"end":{"line":53,"column":5}}}},"statementMap":{"1":{"start":{"line":25,"column":6},"end":{"line":25,"column":49}},"2":{"start":{"line":26,"column":6},"end":{"line":26,"column":41}},"3":{"start":{"line":37,"column":8},"end":{"line":37,"column":47}},"4":{"start":{"line":38,"column":8},"end":{"line":38,"column":59}},"5":{"start":{"line":39,"column":8},"end":{"line":39,"column":73}},"6":{"start":{"line":40,"column":8},"end":{"line":40,"column":56}},"7":{"start":{"line":41,"column":8},"end":{"line":41,"column":69}},"8":{"start":{"line":54,"column":8},"end":{"line":54,"column":56}},"9":{"start":{"line":54,"column":48},"end":{"line":54,"column":56}},"10":{"start":{"line":55,"column":8},"end":{"line":55,"column":71}},"11":{"start":{"line":56,"column":8},"end":{"line":56,"column":78}},"12":{"start":{"line":59,"column":8},"end":{"line":59,"column":68}}},"branchMap":{"1":{"line":37,"type":"if","locations":[{"start":{"line":37,"column":8},"end":{"line":37,"column":8}},{"start":{"line":37,"column":8},"end":{"line":37,"column":8}}]},"2":{"line":54,"type":"if","locations":[{"start":{"line":54,"column":8},"end":{"line":54,"column":8}},{"start":{"line":54,"column":8},"end":{"line":54,"column":8}}]}}},"contracts/crowdsale/RefundableCrowdsale.sol":{"l":{"25":42,"26":42,"27":42,"34":52,"39":1,"40":1,"42":1,"47":9,"48":6,"50":3,"53":9,"57":7},"path":"/Users/mhg/emindhub-crowdsale/contracts/crowdsale/RefundableCrowdsale.sol","s":{"1":42,"2":42,"3":42,"4":1,"5":1,"6":9,"7":7},"b":{"1":[42,0],"2":[1,0],"3":[1,0],"4":[6,3]},"f":{"1":42,"2":52,"3":1,"4":9,"5":7},"fnMap":{"1":{"name":"RefundableCrowdsale","line":24,"loc":{"start":{"line":24,"column":2},"end":{"line":24,"column":52}}},"2":{"name":"forwardFunds","line":33,"loc":{"start":{"line":33,"column":2},"end":{"line":33,"column":34}}},"3":{"name":"claimRefund","line":38,"loc":{"start":{"line":38,"column":2},"end":{"line":38,"column":31}}},"4":{"name":"finalization","line":46,"loc":{"start":{"line":46,"column":2},"end":{"line":46,"column":34}}},"5":{"name":"goalReached","line":56,"loc":{"start":{"line":56,"column":2},"end":{"line":56,"column":51}}}},"statementMap":{"1":{"start":{"line":25,"column":4},"end":{"line":25,"column":21}},"2":{"start":{"line":26,"column":4},"end":{"line":26,"column":34}},"3":{"start":{"line":27,"column":4},"end":{"line":27,"column":15}},"4":{"start":{"line":39,"column":4},"end":{"line":39,"column":23}},"5":{"start":{"line":40,"column":4},"end":{"line":40,"column":26}},"6":{"start":{"line":47,"column":4},"end":{"line":47,"column":1283}},"7":{"start":{"line":57,"column":4},"end":{"line":57,"column":28}}},"branchMap":{"1":{"line":25,"type":"if","locations":[{"start":{"line":25,"column":4},"end":{"line":25,"column":4}},{"start":{"line":25,"column":4},"end":{"line":25,"column":4}}]},"2":{"line":39,"type":"if","locations":[{"start":{"line":39,"column":4},"end":{"line":39,"column":4}},{"start":{"line":39,"column":4},"end":{"line":39,"column":4}}]},"3":{"line":40,"type":"if","locations":[{"start":{"line":40,"column":4},"end":{"line":40,"column":4}},{"start":{"line":40,"column":4},"end":{"line":40,"column":4}}]},"4":{"line":47,"type":"if","locations":[{"start":{"line":47,"column":4},"end":{"line":47,"column":4}},{"start":{"line":47,"column":4},"end":{"line":47,"column":4}}]}}},"contracts/crowdsale/RefundVault.sol":{"l":{"26":42,"27":42,"28":42,"32":52,"33":52,"37":6,"38":6,"39":6,"40":6,"44":3,"45":3,"46":3,"50":1,"51":1,"52":1,"53":1,"54":1},"path":"/Users/mhg/emindhub-crowdsale/contracts/crowdsale/RefundVault.sol","s":{"1":42,"2":42,"3":42,"4":52,"5":52,"6":6,"7":6,"8":6,"9":3,"10":3,"11":3,"12":1,"13":1,"14":1,"15":1},"b":{"1":[42,0],"2":[52,0],"3":[6,0],"4":[3,0],"5":[1,0]},"f":{"1":42,"2":52,"3":6,"4":3,"5":1},"fnMap":{"1":{"name":"RefundVault","line":25,"loc":{"start":{"line":25,"column":2},"end":{"line":25,"column":46}}},"2":{"name":"deposit","line":31,"loc":{"start":{"line":31,"column":2},"end":{"line":31,"column":61}}},"3":{"name":"close","line":36,"loc":{"start":{"line":36,"column":2},"end":{"line":36,"column":35}}},"4":{"name":"enableRefunds","line":43,"loc":{"start":{"line":43,"column":2},"end":{"line":43,"column":43}}},"5":{"name":"refund","line":49,"loc":{"start":{"line":49,"column":2},"end":{"line":49,"column":42}}}},"statementMap":{"1":{"start":{"line":26,"column":4},"end":{"line":26,"column":33}},"2":{"start":{"line":27,"column":4},"end":{"line":27,"column":19}},"3":{"start":{"line":28,"column":4},"end":{"line":28,"column":23}},"4":{"start":{"line":32,"column":4},"end":{"line":32,"column":33}},"5":{"start":{"line":33,"column":4},"end":{"line":33,"column":59}},"6":{"start":{"line":37,"column":4},"end":{"line":37,"column":33}},"7":{"start":{"line":38,"column":4},"end":{"line":38,"column":23}},"8":{"start":{"line":39,"column":4},"end":{"line":39,"column":11}},"9":{"start":{"line":44,"column":4},"end":{"line":44,"column":33}},"10":{"start":{"line":45,"column":4},"end":{"line":45,"column":26}},"11":{"start":{"line":46,"column":4},"end":{"line":46,"column":19}},"12":{"start":{"line":50,"column":4},"end":{"line":50,"column":36}},"13":{"start":{"line":51,"column":4},"end":{"line":51,"column":47}},"14":{"start":{"line":52,"column":4},"end":{"line":52,"column":26}},"15":{"start":{"line":54,"column":4},"end":{"line":54,"column":37}}},"branchMap":{"1":{"line":26,"type":"if","locations":[{"start":{"line":26,"column":4},"end":{"line":26,"column":4}},{"start":{"line":26,"column":4},"end":{"line":26,"column":4}}]},"2":{"line":32,"type":"if","locations":[{"start":{"line":32,"column":4},"end":{"line":32,"column":4}},{"start":{"line":32,"column":4},"end":{"line":32,"column":4}}]},"3":{"line":37,"type":"if","locations":[{"start":{"line":37,"column":4},"end":{"line":37,"column":4}},{"start":{"line":37,"column":4},"end":{"line":37,"column":4}}]},"4":{"line":44,"type":"if","locations":[{"start":{"line":44,"column":4},"end":{"line":44,"column":4}},{"start":{"line":44,"column":4},"end":{"line":44,"column":4}}]},"5":{"line":50,"type":"if","locations":[{"start":{"line":50,"column":4},"end":{"line":50,"column":4}},{"start":{"line":50,"column":4},"end":{"line":50,"column":4}}]}}},"contracts/math/Math.sol":{"l":{"10":0,"14":0,"18":0,"22":0},"path":"/Users/mhg/emindhub-crowdsale/contracts/math/Math.sol","s":{"1":0,"2":0,"3":0,"4":0},"b":{},"f":{"1":0,"2":0,"3":0,"4":0},"fnMap":{"1":{"name":"max64","line":9,"loc":{"start":{"line":9,"column":2},"end":{"line":9,"column":67}}},"2":{"name":"min64","line":13,"loc":{"start":{"line":13,"column":2},"end":{"line":13,"column":67}}},"3":{"name":"max256","line":17,"loc":{"start":{"line":17,"column":2},"end":{"line":17,"column":71}}},"4":{"name":"min256","line":21,"loc":{"start":{"line":21,"column":2},"end":{"line":21,"column":71}}}},"statementMap":{"1":{"start":{"line":10,"column":4},"end":{"line":10,"column":25}},"2":{"start":{"line":14,"column":4},"end":{"line":14,"column":24}},"3":{"start":{"line":18,"column":4},"end":{"line":18,"column":25}},"4":{"start":{"line":22,"column":4},"end":{"line":22,"column":24}}},"branchMap":{}},"contracts/math/SafeMath.sol":{"l":{"10":132,"11":0,"13":132,"14":132,"15":132,"20":64,"22":64,"26":160,"27":160,"31":759,"32":759,"33":759},"path":"/Users/mhg/emindhub-crowdsale/contracts/math/SafeMath.sol","s":{"1":132,"2":0,"3":132,"4":132,"5":132,"6":64,"7":64,"8":160,"9":160,"10":759,"11":759,"12":759},"b":{"1":[0,132],"2":[132,0],"3":[160,0],"4":[759,0]},"f":{"1":132,"2":64,"3":160,"4":759},"fnMap":{"1":{"name":"mul","line":9,"loc":{"start":{"line":9,"column":2},"end":{"line":9,"column":68}}},"2":{"name":"div","line":18,"loc":{"start":{"line":18,"column":2},"end":{"line":18,"column":68}}},"3":{"name":"sub","line":25,"loc":{"start":{"line":25,"column":2},"end":{"line":25,"column":68}}},"4":{"name":"add","line":30,"loc":{"start":{"line":30,"column":2},"end":{"line":30,"column":68}}}},"statementMap":{"1":{"start":{"line":10,"column":4},"end":{"line":10,"column":216}},"2":{"start":{"line":11,"column":6},"end":{"line":11,"column":14}},"3":{"start":{"line":13,"column":4},"end":{"line":13,"column":20}},"4":{"start":{"line":14,"column":4},"end":{"line":14,"column":21}},"5":{"start":{"line":15,"column":4},"end":{"line":15,"column":12}},"6":{"start":{"line":20,"column":4},"end":{"line":20,"column":20}},"7":{"start":{"line":22,"column":4},"end":{"line":22,"column":12}},"8":{"start":{"line":26,"column":4},"end":{"line":26,"column":17}},"9":{"start":{"line":27,"column":4},"end":{"line":27,"column":16}},"10":{"start":{"line":31,"column":4},"end":{"line":31,"column":20}},"11":{"start":{"line":32,"column":4},"end":{"line":32,"column":17}},"12":{"start":{"line":33,"column":4},"end":{"line":33,"column":12}}},"branchMap":{"1":{"line":10,"type":"if","locations":[{"start":{"line":10,"column":4},"end":{"line":10,"column":4}},{"start":{"line":10,"column":4},"end":{"line":10,"column":4}}]},"2":{"line":14,"type":"if","locations":[{"start":{"line":14,"column":4},"end":{"line":14,"column":4}},{"start":{"line":14,"column":4},"end":{"line":14,"column":4}}]},"3":{"line":26,"type":"if","locations":[{"start":{"line":26,"column":4},"end":{"line":26,"column":4}},{"start":{"line":26,"column":4},"end":{"line":26,"column":4}}]},"4":{"line":32,"type":"if","locations":[{"start":{"line":32,"column":4},"end":{"line":32,"column":4}},{"start":{"line":32,"column":4},"end":{"line":32,"column":4}}]}}},"contracts/ownership/Ownable.sol":{"l":{"21":150,"29":296,"30":295,"39":6,"40":6,"41":6},"path":"/Users/mhg/emindhub-crowdsale/contracts/ownership/Ownable.sol","s":{"1":150,"2":296,"3":6,"4":6,"5":6},"b":{"1":[295,1],"2":[6,0]},"f":{"1":150,"2":296,"3":6},"fnMap":{"1":{"name":"Ownable","line":20,"loc":{"start":{"line":20,"column":2},"end":{"line":20,"column":27}}},"2":{"name":"onlyOwner","line":28,"loc":{"start":{"line":28,"column":2},"end":{"line":28,"column":22}}},"3":{"name":"transferOwnership","line":38,"loc":{"start":{"line":38,"column":2},"end":{"line":38,"column":63}}}},"statementMap":{"1":{"start":{"line":21,"column":4},"end":{"line":21,"column":21}},"2":{"start":{"line":29,"column":4},"end":{"line":29,"column":31}},"3":{"start":{"line":39,"column":4},"end":{"line":39,"column":34}},"4":{"start":{"line":40,"column":4},"end":{"line":40,"column":40}},"5":{"start":{"line":41,"column":4},"end":{"line":41,"column":19}}},"branchMap":{"1":{"line":29,"type":"if","locations":[{"start":{"line":29,"column":4},"end":{"line":29,"column":4}},{"start":{"line":29,"column":4},"end":{"line":29,"column":4}}]},"2":{"line":39,"type":"if","locations":[{"start":{"line":39,"column":4},"end":{"line":39,"column":4}},{"start":{"line":39,"column":4},"end":{"line":39,"column":4}}]}}},"contracts/TalaoCrowdsale.sol":{"l":{"71":42,"72":42,"73":42,"74":42,"75":42,"77":42,"78":42,"79":42,"80":42,"81":42,"92":42,"100":30,"101":27,"109":56,"110":55,"121":34,"122":243,"134":1,"146":18,"147":18,"148":18,"159":1,"171":55,"172":55,"174":36,"175":36,"176":36,"178":36,"179":36,"180":36,"193":27,"194":27,"197":16,"198":16,"202":16,"203":13,"204":13,"208":16,"209":16,"211":16,"212":16,"213":16,"214":16,"223":9,"224":6,"225":6,"228":6,"229":6,"232":6,"233":6,"234":6,"235":6,"236":6,"237":6,"240":6,"241":6,"242":6,"244":6,"245":6,"246":6,"247":6,"250":6,"252":6,"254":6,"255":6,"256":6,"257":6,"258":6,"261":6,"264":9,"274":86,"275":30,"277":56,"290":55,"291":55,"292":55,"293":55,"294":55,"305":27,"306":27,"307":27,"308":27,"309":27,"310":27,"311":27,"322":20,"323":20,"334":58,"345":38},"path":"/Users/mhg/emindhub-crowdsale/contracts/TalaoCrowdsale.sol","s":{"1":42,"2":42,"3":42,"4":42,"5":42,"6":42,"7":42,"8":42,"9":42,"10":42,"11":42,"12":30,"13":56,"14":34,"15":243,"16":1,"17":18,"18":18,"19":18,"20":1,"21":55,"22":55,"23":36,"24":36,"25":36,"26":36,"27":36,"28":27,"29":27,"30":16,"31":16,"32":16,"33":13,"34":13,"35":16,"36":16,"37":16,"38":16,"39":9,"40":6,"41":6,"42":6,"43":6,"44":6,"45":6,"46":6,"47":6,"48":6,"49":6,"50":6,"51":6,"52":6,"53":6,"54":6,"55":6,"56":86,"57":30,"58":56,"59":55,"60":55,"61":55,"62":55,"63":55,"64":27,"65":27,"66":27,"67":27,"68":27,"69":27,"70":27,"71":20,"72":20,"73":58,"74":38},"b":{"1":[42,0],"2":[42,0],"3":[42,0],"4":[42,0],"5":[42,0],"6":[27,3],"7":[55,1],"8":[18,0],"9":[55,0],"10":[36,19],"11":[27,0],"12":[16,11],"13":[13,3],"14":[6,3],"15":[30,56]},"f":{"1":42,"2":42,"3":30,"4":56,"5":34,"6":1,"7":18,"8":1,"9":55,"10":27,"11":9,"12":86,"13":55,"14":27,"15":20,"16":58,"17":38},"fnMap":{"1":{"name":"TalaoCrowdsale","line":61,"loc":{"start":{"line":61,"column":2},"end":{"line":70,"column":3}}},"2":{"name":"createTokenContract","line":88,"loc":{"start":{"line":88,"column":2},"end":{"line":91,"column":3}}},"3":{"name":"onlyPresaleWhitelisted","line":98,"loc":{"start":{"line":98,"column":2},"end":{"line":99,"column":3}}},"4":{"name":"onlyWhitelisted","line":107,"loc":{"start":{"line":107,"column":2},"end":{"line":108,"column":3}}},"5":{"name":"whitelistAddresses","line":117,"loc":{"start":{"line":117,"column":2},"end":{"line":120,"column":3}}},"6":{"name":"unwhitelistAddress","line":130,"loc":{"start":{"line":130,"column":2},"end":{"line":133,"column":3}}},"7":{"name":"whitelistAddressPresale","line":142,"loc":{"start":{"line":142,"column":2},"end":{"line":145,"column":3}}},"8":{"name":"unwhitelistAddressPresale","line":155,"loc":{"start":{"line":155,"column":2},"end":{"line":158,"column":3}}},"9":{"name":"buyTokens","line":166,"loc":{"start":{"line":166,"column":2},"end":{"line":170,"column":3}}},"10":{"name":"buyTokensPresale","line":188,"loc":{"start":{"line":188,"column":2},"end":{"line":192,"column":3}}},"11":{"name":"finalization","line":220,"loc":{"start":{"line":220,"column":2},"end":{"line":222,"column":3}}},"12":{"name":null,"line":270,"loc":{"start":{"line":270,"column":2},"end":{"line":273,"column":3}}},"13":{"name":"validPurchase","line":286,"loc":{"start":{"line":286,"column":2},"end":{"line":289,"column":3}}},"14":{"name":"validPurchasePresale","line":301,"loc":{"start":{"line":301,"column":2},"end":{"line":304,"column":3}}},"15":{"name":"goalReached","line":318,"loc":{"start":{"line":318,"column":2},"end":{"line":322,"column":3}}},"16":{"name":"isWhitelisted","line":331,"loc":{"start":{"line":331,"column":2},"end":{"line":335,"column":3}}},"17":{"name":"isWhitelistedPresale","line":343,"loc":{"start":{"line":343,"column":2},"end":{"line":347,"column":3}}}},"statementMap":{"1":{"start":{"line":71,"column":6},"end":{"line":71,"column":27}},"2":{"start":{"line":72,"column":6},"end":{"line":72,"column":44}},"3":{"start":{"line":73,"column":6},"end":{"line":73,"column":42}},"4":{"start":{"line":74,"column":6},"end":{"line":74,"column":29}},"5":{"start":{"line":75,"column":6},"end":{"line":75,"column":32}},"6":{"start":{"line":77,"column":6},"end":{"line":77,"column":41}},"7":{"start":{"line":78,"column":6},"end":{"line":78,"column":29}},"8":{"start":{"line":79,"column":6},"end":{"line":79,"column":55}},"9":{"start":{"line":80,"column":6},"end":{"line":80,"column":31}},"10":{"start":{"line":81,"column":6},"end":{"line":81,"column":33}},"11":{"start":{"line":92,"column":6},"end":{"line":92,"column":29}},"12":{"start":{"line":100,"column":6},"end":{"line":100,"column":46}},"13":{"start":{"line":109,"column":6},"end":{"line":109,"column":75}},"14":{"start":{"line":121,"column":6},"end":{"line":121,"column":4268}},"15":{"start":{"line":122,"column":8},"end":{"line":122,"column":43}},"16":{"start":{"line":134,"column":6},"end":{"line":134,"column":38}},"17":{"start":{"line":146,"column":6},"end":{"line":146,"column":48}},"18":{"start":{"line":147,"column":6},"end":{"line":147,"column":44}},"19":{"start":{"line":148,"column":6},"end":{"line":148,"column":39}},"20":{"start":{"line":159,"column":6},"end":{"line":159,"column":45}},"21":{"start":{"line":171,"column":6},"end":{"line":171,"column":32}},"22":{"start":{"line":172,"column":6},"end":{"line":172,"column":29}},"23":{"start":{"line":174,"column":6},"end":{"line":174,"column":34}},"24":{"start":{"line":175,"column":6},"end":{"line":175,"column":48}},"25":{"start":{"line":176,"column":6},"end":{"line":176,"column":41}},"26":{"start":{"line":179,"column":6},"end":{"line":179,"column":62}},"27":{"start":{"line":180,"column":6},"end":{"line":180,"column":19}},"28":{"start":{"line":193,"column":6},"end":{"line":193,"column":32}},"29":{"start":{"line":194,"column":6},"end":{"line":194,"column":36}},"30":{"start":{"line":197,"column":6},"end":{"line":197,"column":34}},"31":{"start":{"line":198,"column":6},"end":{"line":198,"column":48}},"32":{"start":{"line":202,"column":6},"end":{"line":202,"column":6691}},"33":{"start":{"line":203,"column":8},"end":{"line":203,"column":90}},"34":{"start":{"line":204,"column":8},"end":{"line":204,"column":63}},"35":{"start":{"line":208,"column":6},"end":{"line":208,"column":59}},"36":{"start":{"line":209,"column":6},"end":{"line":209,"column":55}},"37":{"start":{"line":213,"column":6},"end":{"line":213,"column":86}},"38":{"start":{"line":214,"column":6},"end":{"line":214,"column":19}},"39":{"start":{"line":223,"column":6},"end":{"line":223,"column":7507}},"40":{"start":{"line":224,"column":8},"end":{"line":224,"column":55}},"41":{"start":{"line":225,"column":8},"end":{"line":225,"column":48}},"42":{"start":{"line":228,"column":8},"end":{"line":228,"column":111}},"43":{"start":{"line":229,"column":8},"end":{"line":229,"column":77}},"44":{"start":{"line":232,"column":8},"end":{"line":232,"column":113}},"45":{"start":{"line":233,"column":8},"end":{"line":233,"column":79}},"46":{"start":{"line":234,"column":8},"end":{"line":234,"column":113}},"47":{"start":{"line":235,"column":8},"end":{"line":235,"column":79}},"48":{"start":{"line":236,"column":8},"end":{"line":236,"column":113}},"49":{"start":{"line":237,"column":8},"end":{"line":237,"column":79}},"50":{"start":{"line":240,"column":8},"end":{"line":240,"column":72}},"51":{"start":{"line":241,"column":8},"end":{"line":241,"column":111}},"52":{"start":{"line":242,"column":8},"end":{"line":242,"column":78}},"53":{"start":{"line":254,"column":8},"end":{"line":254,"column":48}},"54":{"start":{"line":255,"column":8},"end":{"line":255,"column":54}},"55":{"start":{"line":256,"column":8},"end":{"line":256,"column":50}},"56":{"start":{"line":274,"column":6},"end":{"line":274,"column":10160}},"57":{"start":{"line":275,"column":8},"end":{"line":275,"column":35}},"58":{"start":{"line":277,"column":8},"end":{"line":277,"column":28}},"59":{"start":{"line":290,"column":6},"end":{"line":290,"column":66}},"60":{"start":{"line":291,"column":6},"end":{"line":291,"column":42}},"61":{"start":{"line":292,"column":6},"end":{"line":292,"column":61}},"62":{"start":{"line":293,"column":6},"end":{"line":293,"column":58}},"63":{"start":{"line":294,"column":6},"end":{"line":294,"column":82}},"64":{"start":{"line":305,"column":6},"end":{"line":305,"column":87}},"65":{"start":{"line":306,"column":6},"end":{"line":306,"column":64}},"66":{"start":{"line":307,"column":6},"end":{"line":307,"column":91}},"67":{"start":{"line":308,"column":6},"end":{"line":308,"column":67}},"68":{"start":{"line":309,"column":6},"end":{"line":309,"column":42}},"69":{"start":{"line":310,"column":6},"end":{"line":310,"column":67}},"70":{"start":{"line":311,"column":6},"end":{"line":311,"column":81}},"71":{"start":{"line":323,"column":6},"end":{"line":323,"column":61}},"72":{"start":{"line":324,"column":6},"end":{"line":324,"column":58}},"73":{"start":{"line":336,"column":6},"end":{"line":336,"column":38}},"74":{"start":{"line":348,"column":6},"end":{"line":348,"column":45}}},"branchMap":{"1":{"line":71,"type":"if","locations":[{"start":{"line":71,"column":6},"end":{"line":71,"column":6}},{"start":{"line":71,"column":6},"end":{"line":71,"column":6}}]},"2":{"line":72,"type":"if","locations":[{"start":{"line":72,"column":6},"end":{"line":72,"column":6}},{"start":{"line":72,"column":6},"end":{"line":72,"column":6}}]},"3":{"line":73,"type":"if","locations":[{"start":{"line":73,"column":6},"end":{"line":73,"column":6}},{"start":{"line":73,"column":6},"end":{"line":73,"column":6}}]},"4":{"line":74,"type":"if","locations":[{"start":{"line":74,"column":6},"end":{"line":74,"column":6}},{"start":{"line":74,"column":6},"end":{"line":74,"column":6}}]},"5":{"line":75,"type":"if","locations":[{"start":{"line":75,"column":6},"end":{"line":75,"column":6}},{"start":{"line":75,"column":6},"end":{"line":75,"column":6}}]},"6":{"line":100,"type":"if","locations":[{"start":{"line":100,"column":6},"end":{"line":100,"column":6}},{"start":{"line":100,"column":6},"end":{"line":100,"column":6}}]},"7":{"line":109,"type":"if","locations":[{"start":{"line":109,"column":6},"end":{"line":109,"column":6}},{"start":{"line":109,"column":6},"end":{"line":109,"column":6}}]},"8":{"line":146,"type":"if","locations":[{"start":{"line":146,"column":6},"end":{"line":146,"column":6}},{"start":{"line":146,"column":6},"end":{"line":146,"column":6}}]},"9":{"line":171,"type":"if","locations":[{"start":{"line":171,"column":6},"end":{"line":171,"column":6}},{"start":{"line":171,"column":6},"end":{"line":171,"column":6}}]},"10":{"line":172,"type":"if","locations":[{"start":{"line":172,"column":6},"end":{"line":172,"column":6}},{"start":{"line":172,"column":6},"end":{"line":172,"column":6}}]},"11":{"line":193,"type":"if","locations":[{"start":{"line":193,"column":6},"end":{"line":193,"column":6}},{"start":{"line":193,"column":6},"end":{"line":193,"column":6}}]},"12":{"line":194,"type":"if","locations":[{"start":{"line":194,"column":6},"end":{"line":194,"column":6}},{"start":{"line":194,"column":6},"end":{"line":194,"column":6}}]},"13":{"line":202,"type":"if","locations":[{"start":{"line":202,"column":6},"end":{"line":202,"column":6}},{"start":{"line":202,"column":6},"end":{"line":202,"column":6}}]},"14":{"line":223,"type":"if","locations":[{"start":{"line":223,"column":6},"end":{"line":223,"column":6}},{"start":{"line":223,"column":6},"end":{"line":223,"column":6}}]},"15":{"line":274,"type":"if","locations":[{"start":{"line":274,"column":6},"end":{"line":274,"column":6}},{"start":{"line":274,"column":6},"end":{"line":274,"column":6}}]}}},"contracts/TalaoToken.sol":{"l":{"69":51,"70":50,"76":42,"89":0,"102":25,"103":25,"104":1,"105":1,"106":1,"107":1,"108":1,"110":25,"124":0,"139":0,"140":0,"141":0,"142":0,"154":42,"167":1,"168":1,"169":1,"170":1,"183":2,"184":2,"185":2,"187":2,"200":7,"201":7,"202":7,"203":7,"205":7,"217":1,"218":1,"230":2,"231":1,"249":5,"250":4,"251":1,"252":1,"254":3,"255":1,"256":1,"258":2,"259":2,"260":2,"261":2,"262":2,"263":2,"264":2,"275":1,"276":1,"277":1,"278":1,"279":1,"280":1,"298":4,"299":4,"300":4,"302":4,"303":4,"304":4,"305":4,"319":4,"320":4,"321":3,"322":3,"323":3,"324":3,"325":3,"326":3,"337":1,"352":6,"353":5,"354":4,"355":1,"356":1,"358":3,"359":3,"360":3,"361":3,"362":3,"363":3,"364":3,"365":3,"377":3},"path":"/Users/mhg/emindhub-crowdsale/contracts/TalaoToken.sol","s":{"1":51,"2":42,"3":0,"4":25,"5":25,"6":1,"7":1,"8":1,"9":25,"10":0,"11":0,"12":0,"13":0,"14":42,"15":1,"16":1,"17":1,"18":1,"19":2,"20":2,"21":2,"22":2,"23":7,"24":7,"25":7,"26":1,"27":2,"28":1,"29":5,"30":4,"31":1,"32":1,"33":3,"34":1,"35":1,"36":2,"37":2,"38":2,"39":2,"40":2,"41":2,"42":1,"43":1,"44":1,"45":1,"46":1,"47":1,"48":4,"49":4,"50":4,"51":4,"52":4,"53":4,"54":4,"55":4,"56":4,"57":3,"58":3,"59":3,"60":3,"61":3,"62":3,"63":1,"64":6,"65":5,"66":4,"67":1,"68":1,"69":3,"70":3,"71":3,"72":3,"73":3,"74":3,"75":3},"b":{"1":[50,1],"2":[1,24],"3":[1,0],"4":[0,0],"5":[1,0],"6":[2,0],"7":[7,0],"8":[1,0],"9":[1,1],"10":[4,1],"11":[1,3],"12":[1,2],"13":[1,0],"14":[1,0],"15":[4,0],"16":[4,0],"17":[4,0],"18":[4,0],"19":[3,1],"20":[5,1],"21":[4,1],"22":[1,3]},"f":{"1":51,"2":42,"3":0,"4":25,"5":0,"6":0,"7":42,"8":1,"9":2,"10":7,"11":1,"12":2,"13":5,"14":1,"15":4,"16":4,"17":1,"18":6,"19":3,"20":1},"fnMap":{"1":{"name":"onlyMintingFinished","line":67,"loc":{"start":{"line":67,"column":2},"end":{"line":68,"column":3}}},"2":{"name":"TalaoToken","line":73,"loc":{"start":{"line":73,"column":2},"end":{"line":75,"column":3}}},"3":{"name":"approve","line":84,"loc":{"start":{"line":84,"column":2},"end":{"line":88,"column":3}}},"4":{"name":"transfer","line":97,"loc":{"start":{"line":97,"column":2},"end":{"line":101,"column":3}}},"5":{"name":"transferFrom","line":119,"loc":{"start":{"line":119,"column":2},"end":{"line":123,"column":3}}},"6":{"name":"approveAndCall","line":134,"loc":{"start":{"line":134,"column":2},"end":{"line":138,"column":3}}},"7":{"name":"setMinBalance","line":150,"loc":{"start":{"line":150,"column":2},"end":{"line":153,"column":3}}},"8":{"name":"setPrices","line":163,"loc":{"start":{"line":163,"column":2},"end":{"line":166,"column":3}}},"9":{"name":"buy","line":177,"loc":{"start":{"line":177,"column":2},"end":{"line":182,"column":3}}},"10":{"name":"sell","line":195,"loc":{"start":{"line":195,"column":2},"end":{"line":199,"column":3}}},"11":{"name":"withdrawEther","line":213,"loc":{"start":{"line":213,"column":2},"end":{"line":216,"column":3}}},"12":{"name":"withdrawTalao","line":226,"loc":{"start":{"line":226,"column":2},"end":{"line":229,"column":3}}},"13":{"name":"createVaultAccess","line":245,"loc":{"start":{"line":245,"column":2},"end":{"line":248,"column":3}}},"14":{"name":"closeVaultAccess","line":271,"loc":{"start":{"line":271,"column":2},"end":{"line":274,"column":3}}},"15":{"name":"_transfer","line":294,"loc":{"start":{"line":294,"column":2},"end":{"line":297,"column":3}}},"16":{"name":"agentApproval","line":315,"loc":{"start":{"line":315,"column":2},"end":{"line":318,"column":3}}},"17":{"name":"setVaultDeposit","line":333,"loc":{"start":{"line":333,"column":2},"end":{"line":336,"column":3}}},"18":{"name":"getVaultAccess","line":347,"loc":{"start":{"line":347,"column":2},"end":{"line":351,"column":3}}},"19":{"name":"getFreelanceAgent","line":373,"loc":{"start":{"line":373,"column":2},"end":{"line":377,"column":3}}},"20":{"name":null,"line":384,"loc":{"start":{"line":384,"column":2},"end":{"line":388,"column":3}}}},"statementMap":{"1":{"start":{"line":69,"column":6},"end":{"line":69,"column":37}},"2":{"start":{"line":76,"column":6},"end":{"line":76,"column":36}},"3":{"start":{"line":89,"column":6},"end":{"line":89,"column":44}},"4":{"start":{"line":102,"column":6},"end":{"line":102,"column":41}},"5":{"start":{"line":103,"column":6},"end":{"line":103,"column":2877}},"6":{"start":{"line":104,"column":8},"end":{"line":104,"column":120}},"7":{"start":{"line":105,"column":8},"end":{"line":105,"column":47}},"8":{"start":{"line":107,"column":8},"end":{"line":107,"column":82}},"9":{"start":{"line":110,"column":6},"end":{"line":110,"column":19}},"10":{"start":{"line":124,"column":6},"end":{"line":124,"column":51}},"11":{"start":{"line":139,"column":6},"end":{"line":139,"column":54}},"12":{"start":{"line":140,"column":6},"end":{"line":140,"column":4350}},"13":{"start":{"line":142,"column":10},"end":{"line":142,"column":21}},"14":{"start":{"line":154,"column":6},"end":{"line":154,"column":33}},"15":{"start":{"line":167,"column":6},"end":{"line":167,"column":70}},"16":{"start":{"line":168,"column":6},"end":{"line":168,"column":41}},"17":{"start":{"line":169,"column":6},"end":{"line":169,"column":39}},"18":{"start":{"line":170,"column":6},"end":{"line":170,"column":41}},"19":{"start":{"line":183,"column":6},"end":{"line":183,"column":76}},"20":{"start":{"line":184,"column":6},"end":{"line":184,"column":57}},"21":{"start":{"line":185,"column":6},"end":{"line":185,"column":40}},"22":{"start":{"line":187,"column":6},"end":{"line":187,"column":19}},"23":{"start":{"line":200,"column":6},"end":{"line":200,"column":45}},"24":{"start":{"line":202,"column":6},"end":{"line":202,"column":75}},"25":{"start":{"line":205,"column":6},"end":{"line":205,"column":20}},"26":{"start":{"line":217,"column":6},"end":{"line":217,"column":6659}},"27":{"start":{"line":230,"column":6},"end":{"line":230,"column":57}},"28":{"start":{"line":231,"column":6},"end":{"line":231,"column":40}},"29":{"start":{"line":249,"column":6},"end":{"line":249,"column":76}},"30":{"start":{"line":250,"column":6},"end":{"line":250,"column":7698}},"31":{"start":{"line":251,"column":10},"end":{"line":251,"column":41}},"32":{"start":{"line":252,"column":10},"end":{"line":252,"column":16}},"33":{"start":{"line":254,"column":6},"end":{"line":254,"column":7800}},"34":{"start":{"line":255,"column":10},"end":{"line":255,"column":40}},"35":{"start":{"line":256,"column":10},"end":{"line":256,"column":16}},"36":{"start":{"line":258,"column":6},"end":{"line":258,"column":39}},"37":{"start":{"line":260,"column":6},"end":{"line":260,"column":50}},"38":{"start":{"line":261,"column":6},"end":{"line":261,"column":46}},"39":{"start":{"line":262,"column":6},"end":{"line":262,"column":37}},"40":{"start":{"line":263,"column":6},"end":{"line":263,"column":65}},"41":{"start":{"line":264,"column":6},"end":{"line":264,"column":37}},"42":{"start":{"line":275,"column":6},"end":{"line":275,"column":75}},"43":{"start":{"line":276,"column":6},"end":{"line":276,"column":71}},"44":{"start":{"line":277,"column":6},"end":{"line":277,"column":66}},"45":{"start":{"line":278,"column":6},"end":{"line":278,"column":64}},"46":{"start":{"line":279,"column":6},"end":{"line":279,"column":35}},"47":{"start":{"line":280,"column":6},"end":{"line":280,"column":37}},"48":{"start":{"line":298,"column":6},"end":{"line":298,"column":24}},"49":{"start":{"line":299,"column":6},"end":{"line":299,"column":39}},"50":{"start":{"line":300,"column":6},"end":{"line":300,"column":57}},"51":{"start":{"line":302,"column":6},"end":{"line":302,"column":50}},"52":{"start":{"line":303,"column":6},"end":{"line":303,"column":46}},"53":{"start":{"line":304,"column":6},"end":{"line":304,"column":33}},"54":{"start":{"line":305,"column":6},"end":{"line":305,"column":17}},"55":{"start":{"line":319,"column":6},"end":{"line":319,"column":26}},"56":{"start":{"line":320,"column":6},"end":{"line":320,"column":75}},"57":{"start":{"line":321,"column":6},"end":{"line":321,"column":87}},"58":{"start":{"line":322,"column":6},"end":{"line":322,"column":58}},"59":{"start":{"line":323,"column":6},"end":{"line":323,"column":45}},"60":{"start":{"line":324,"column":6},"end":{"line":324,"column":41}},"61":{"start":{"line":325,"column":6},"end":{"line":325,"column":63}},"62":{"start":{"line":326,"column":6},"end":{"line":326,"column":35}},"63":{"start":{"line":337,"column":6},"end":{"line":337,"column":30}},"64":{"start":{"line":352,"column":6},"end":{"line":352,"column":73}},"65":{"start":{"line":353,"column":6},"end":{"line":353,"column":74}},"66":{"start":{"line":354,"column":6},"end":{"line":354,"column":11735}},"67":{"start":{"line":355,"column":10},"end":{"line":355,"column":40}},"68":{"start":{"line":356,"column":10},"end":{"line":356,"column":22}},"69":{"start":{"line":358,"column":6},"end":{"line":358,"column":100}},"70":{"start":{"line":359,"column":6},"end":{"line":359,"column":75}},"71":{"start":{"line":362,"column":6},"end":{"line":362,"column":64}},"72":{"start":{"line":363,"column":6},"end":{"line":363,"column":67}},"73":{"start":{"line":364,"column":6},"end":{"line":364,"column":36}},"74":{"start":{"line":365,"column":6},"end":{"line":365,"column":17}},"75":{"start":{"line":378,"column":6},"end":{"line":378,"column":43}}},"branchMap":{"1":{"line":69,"type":"if","locations":[{"start":{"line":69,"column":6},"end":{"line":69,"column":6}},{"start":{"line":69,"column":6},"end":{"line":69,"column":6}}]},"2":{"line":103,"type":"if","locations":[{"start":{"line":103,"column":6},"end":{"line":103,"column":6}},{"start":{"line":103,"column":6},"end":{"line":103,"column":6}}]},"3":{"line":105,"type":"if","locations":[{"start":{"line":105,"column":8},"end":{"line":105,"column":8}},{"start":{"line":105,"column":8},"end":{"line":105,"column":8}}]},"4":{"line":140,"type":"if","locations":[{"start":{"line":140,"column":6},"end":{"line":140,"column":6}},{"start":{"line":140,"column":6},"end":{"line":140,"column":6}}]},"5":{"line":167,"type":"if","locations":[{"start":{"line":167,"column":6},"end":{"line":167,"column":6}},{"start":{"line":167,"column":6},"end":{"line":167,"column":6}}]},"6":{"line":184,"type":"if","locations":[{"start":{"line":184,"column":6},"end":{"line":184,"column":6}},{"start":{"line":184,"column":6},"end":{"line":184,"column":6}}]},"7":{"line":200,"type":"if","locations":[{"start":{"line":200,"column":6},"end":{"line":200,"column":6}},{"start":{"line":200,"column":6},"end":{"line":200,"column":6}}]},"8":{"line":217,"type":"if","locations":[{"start":{"line":217,"column":6},"end":{"line":217,"column":6}},{"start":{"line":217,"column":6},"end":{"line":217,"column":6}}]},"9":{"line":230,"type":"if","locations":[{"start":{"line":230,"column":6},"end":{"line":230,"column":6}},{"start":{"line":230,"column":6},"end":{"line":230,"column":6}}]},"10":{"line":249,"type":"if","locations":[{"start":{"line":249,"column":6},"end":{"line":249,"column":6}},{"start":{"line":249,"column":6},"end":{"line":249,"column":6}}]},"11":{"line":250,"type":"if","locations":[{"start":{"line":250,"column":6},"end":{"line":250,"column":6}},{"start":{"line":250,"column":6},"end":{"line":250,"column":6}}]},"12":{"line":254,"type":"if","locations":[{"start":{"line":254,"column":6},"end":{"line":254,"column":6}},{"start":{"line":254,"column":6},"end":{"line":254,"column":6}}]},"13":{"line":275,"type":"if","locations":[{"start":{"line":275,"column":6},"end":{"line":275,"column":6}},{"start":{"line":275,"column":6},"end":{"line":275,"column":6}}]},"14":{"line":276,"type":"if","locations":[{"start":{"line":276,"column":6},"end":{"line":276,"column":6}},{"start":{"line":276,"column":6},"end":{"line":276,"column":6}}]},"15":{"line":298,"type":"if","locations":[{"start":{"line":298,"column":6},"end":{"line":298,"column":6}},{"start":{"line":298,"column":6},"end":{"line":298,"column":6}}]},"16":{"line":299,"type":"if","locations":[{"start":{"line":299,"column":6},"end":{"line":299,"column":6}},{"start":{"line":299,"column":6},"end":{"line":299,"column":6}}]},"17":{"line":300,"type":"if","locations":[{"start":{"line":300,"column":6},"end":{"line":300,"column":6}},{"start":{"line":300,"column":6},"end":{"line":300,"column":6}}]},"18":{"line":319,"type":"if","locations":[{"start":{"line":319,"column":6},"end":{"line":319,"column":6}},{"start":{"line":319,"column":6},"end":{"line":319,"column":6}}]},"19":{"line":320,"type":"if","locations":[{"start":{"line":320,"column":6},"end":{"line":320,"column":6}},{"start":{"line":320,"column":6},"end":{"line":320,"column":6}}]},"20":{"line":352,"type":"if","locations":[{"start":{"line":352,"column":6},"end":{"line":352,"column":6}},{"start":{"line":352,"column":6},"end":{"line":352,"column":6}}]},"21":{"line":353,"type":"if","locations":[{"start":{"line":353,"column":6},"end":{"line":353,"column":6}},{"start":{"line":353,"column":6},"end":{"line":353,"column":6}}]},"22":{"line":354,"type":"if","locations":[{"start":{"line":354,"column":6},"end":{"line":354,"column":6}},{"start":{"line":354,"column":6},"end":{"line":354,"column":6}}]}}},"contracts/token/BasicToken.sol":{"l":{"23":41,"24":41,"27":41,"28":41,"29":41,"30":41,"39":74},"path":"/Users/mhg/emindhub-crowdsale/contracts/token/BasicToken.sol","s":{"1":41,"2":41,"3":41,"4":41,"5":41,"6":41,"7":74},"b":{"1":[41,0],"2":[41,0]},"f":{"1":41,"2":74},"fnMap":{"1":{"name":"transfer","line":22,"loc":{"start":{"line":22,"column":2},"end":{"line":22,"column":70}}},"2":{"name":"balanceOf","line":38,"loc":{"start":{"line":38,"column":2},"end":{"line":38,"column":74}}}},"statementMap":{"1":{"start":{"line":23,"column":4},"end":{"line":23,"column":29}},"2":{"start":{"line":24,"column":4},"end":{"line":24,"column":42}},"3":{"start":{"line":27,"column":4},"end":{"line":27,"column":58}},"4":{"start":{"line":28,"column":4},"end":{"line":28,"column":44}},"5":{"start":{"line":29,"column":4},"end":{"line":29,"column":36}},"6":{"start":{"line":30,"column":4},"end":{"line":30,"column":15}},"7":{"start":{"line":39,"column":4},"end":{"line":39,"column":27}}},"branchMap":{"1":{"line":23,"type":"if","locations":[{"start":{"line":23,"column":4},"end":{"line":23,"column":4}},{"start":{"line":23,"column":4},"end":{"line":23,"column":4}}]},"2":{"line":24,"type":"if","locations":[{"start":{"line":24,"column":4},"end":{"line":24,"column":4}},{"start":{"line":24,"column":4},"end":{"line":24,"column":4}}]}}},"contracts/token/ERC20.sol":{"l":{},"path":"/Users/mhg/emindhub-crowdsale/contracts/token/ERC20.sol","s":{},"b":{},"f":{},"fnMap":{},"statementMap":{},"branchMap":{}},"contracts/token/ERC20Basic.sol":{"l":{},"path":"/Users/mhg/emindhub-crowdsale/contracts/token/ERC20Basic.sol","s":{},"b":{},"f":{},"fnMap":{},"statementMap":{},"branchMap":{}},"contracts/token/MintableToken.sol":{"l":{"24":116,"25":116,"35":110,"36":110,"37":110,"38":110,"39":110,"47":6,"48":6,"49":6},"path":"/Users/mhg/emindhub-crowdsale/contracts/token/MintableToken.sol","s":{"1":116,"2":110,"3":110,"4":110,"5":110,"6":110,"7":6,"8":6,"9":6},"b":{"1":[116,0]},"f":{"1":116,"2":110,"3":6},"fnMap":{"1":{"name":"canMint","line":23,"loc":{"start":{"line":23,"column":2},"end":{"line":23,"column":20}}},"2":{"name":"mint","line":34,"loc":{"start":{"line":34,"column":2},"end":{"line":34,"column":85}}},"3":{"name":"finishMinting","line":46,"loc":{"start":{"line":46,"column":2},"end":{"line":46,"column":66}}}},"statementMap":{"1":{"start":{"line":24,"column":4},"end":{"line":24,"column":28}},"2":{"start":{"line":35,"column":4},"end":{"line":35,"column":41}},"3":{"start":{"line":36,"column":4},"end":{"line":36,"column":45}},"4":{"start":{"line":37,"column":4},"end":{"line":37,"column":21}},"5":{"start":{"line":38,"column":4},"end":{"line":38,"column":37}},"6":{"start":{"line":39,"column":4},"end":{"line":39,"column":15}},"7":{"start":{"line":47,"column":4},"end":{"line":47,"column":25}},"8":{"start":{"line":48,"column":4},"end":{"line":48,"column":17}},"9":{"start":{"line":49,"column":4},"end":{"line":49,"column":15}}},"branchMap":{"1":{"line":24,"type":"if","locations":[{"start":{"line":24,"column":4},"end":{"line":24,"column":4}},{"start":{"line":24,"column":4},"end":{"line":24,"column":4}}]}}},"contracts/token/SafeERC20.sol":{"l":{"14":0,"18":0,"22":0},"path":"/Users/mhg/emindhub-crowdsale/contracts/token/SafeERC20.sol","s":{"1":0,"2":0,"3":0},"b":{"1":[0,0],"2":[0,0],"3":[0,0]},"f":{"1":0,"2":0,"3":0},"fnMap":{"1":{"name":"safeTransfer","line":13,"loc":{"start":{"line":13,"column":2},"end":{"line":13,"column":77}}},"2":{"name":"safeTransferFrom","line":17,"loc":{"start":{"line":17,"column":2},"end":{"line":17,"column":90}}},"3":{"name":"safeApprove","line":21,"loc":{"start":{"line":21,"column":2},"end":{"line":21,"column":76}}}},"statementMap":{"1":{"start":{"line":14,"column":4},"end":{"line":14,"column":36}},"2":{"start":{"line":18,"column":4},"end":{"line":18,"column":46}},"3":{"start":{"line":22,"column":4},"end":{"line":22,"column":40}}},"branchMap":{"1":{"line":14,"type":"if","locations":[{"start":{"line":14,"column":4},"end":{"line":14,"column":4}},{"start":{"line":14,"column":4},"end":{"line":14,"column":4}}]},"2":{"line":18,"type":"if","locations":[{"start":{"line":18,"column":4},"end":{"line":18,"column":4}},{"start":{"line":18,"column":4},"end":{"line":18,"column":4}}]},"3":{"line":22,"type":"if","locations":[{"start":{"line":22,"column":4},"end":{"line":22,"column":4}},{"start":{"line":22,"column":4},"end":{"line":22,"column":4}}]}}},"contracts/token/StandardToken.sol":{"l":{"27":0,"28":0,"29":0,"31":0,"32":0,"33":0,"34":0,"35":0,"49":0,"50":0,"51":0,"61":0,"75":0,"76":0,"77":0,"91":0,"92":0,"93":0,"95":0,"97":0,"98":0},"path":"/Users/mhg/emindhub-crowdsale/contracts/token/StandardToken.sol","s":{"1":0,"2":0,"3":0,"4":0,"5":0,"6":0,"7":0,"8":0,"9":0,"10":0,"11":0,"12":0,"13":0,"14":0,"15":0,"16":0,"17":0,"18":0,"19":0,"20":0,"21":0},"b":{"1":[0,0],"2":[0,0],"3":[0,0],"4":[0,0]},"f":{"1":0,"2":0,"3":0,"4":0,"5":0},"fnMap":{"1":{"name":"transferFrom","line":26,"loc":{"start":{"line":26,"column":2},"end":{"line":26,"column":89}}},"2":{"name":"approve","line":48,"loc":{"start":{"line":48,"column":2},"end":{"line":48,"column":74}}},"3":{"name":"allowance","line":60,"loc":{"start":{"line":60,"column":2},"end":{"line":60,"column":84}}},"4":{"name":"increaseApproval","line":74,"loc":{"start":{"line":74,"column":2},"end":{"line":74,"column":85}}},"5":{"name":"decreaseApproval","line":90,"loc":{"start":{"line":90,"column":2},"end":{"line":90,"column":90}}}},"statementMap":{"1":{"start":{"line":27,"column":4},"end":{"line":27,"column":29}},"2":{"start":{"line":28,"column":4},"end":{"line":28,"column":37}},"3":{"start":{"line":29,"column":4},"end":{"line":29,"column":48}},"4":{"start":{"line":31,"column":4},"end":{"line":31,"column":48}},"5":{"start":{"line":32,"column":4},"end":{"line":32,"column":44}},"6":{"start":{"line":33,"column":4},"end":{"line":33,"column":70}},"7":{"start":{"line":34,"column":4},"end":{"line":34,"column":31}},"8":{"start":{"line":35,"column":4},"end":{"line":35,"column":15}},"9":{"start":{"line":49,"column":4},"end":{"line":49,"column":41}},"10":{"start":{"line":50,"column":4},"end":{"line":50,"column":41}},"11":{"start":{"line":51,"column":4},"end":{"line":51,"column":15}},"12":{"start":{"line":61,"column":4},"end":{"line":61,"column":36}},"13":{"start":{"line":75,"column":4},"end":{"line":75,"column":81}},"14":{"start":{"line":76,"column":4},"end":{"line":76,"column":64}},"15":{"start":{"line":77,"column":4},"end":{"line":77,"column":15}},"16":{"start":{"line":91,"column":4},"end":{"line":91,"column":48}},"17":{"start":{"line":92,"column":4},"end":{"line":92,"column":3754}},"18":{"start":{"line":93,"column":6},"end":{"line":93,"column":38}},"19":{"start":{"line":95,"column":6},"end":{"line":95,"column":67}},"20":{"start":{"line":97,"column":4},"end":{"line":97,"column":64}},"21":{"start":{"line":98,"column":4},"end":{"line":98,"column":15}}},"branchMap":{"1":{"line":27,"type":"if","locations":[{"start":{"line":27,"column":4},"end":{"line":27,"column":4}},{"start":{"line":27,"column":4},"end":{"line":27,"column":4}}]},"2":{"line":28,"type":"if","locations":[{"start":{"line":28,"column":4},"end":{"line":28,"column":4}},{"start":{"line":28,"column":4},"end":{"line":28,"column":4}}]},"3":{"line":29,"type":"if","locations":[{"start":{"line":29,"column":4},"end":{"line":29,"column":4}},{"start":{"line":29,"column":4},"end":{"line":29,"column":4}}]},"4":{"line":92,"type":"if","locations":[{"start":{"line":92,"column":4},"end":{"line":92,"column":4}},{"start":{"line":92,"column":4},"end":{"line":92,"column":4}}]}}},"contracts/token/TokenTimelock.sol":{"l":{"25":19,"26":19,"27":19,"28":19,"35":0,"37":0,"38":0,"40":0},"path":"/Users/mhg/emindhub-crowdsale/contracts/token/TokenTimelock.sol","s":{"1":19,"2":19,"3":19,"4":19,"5":0,"6":0,"7":0},"b":{"1":[19,0],"2":[0,0],"3":[0,0]},"f":{"1":19,"2":0},"fnMap":{"1":{"name":"TokenTimelock","line":24,"loc":{"start":{"line":24,"column":2},"end":{"line":24,"column":94}}},"2":{"name":"release","line":34,"loc":{"start":{"line":34,"column":2},"end":{"line":34,"column":27}}}},"statementMap":{"1":{"start":{"line":25,"column":4},"end":{"line":25,"column":30}},"2":{"start":{"line":26,"column":4},"end":{"line":26,"column":17}},"3":{"start":{"line":27,"column":4},"end":{"line":27,"column":29}},"4":{"start":{"line":28,"column":4},"end":{"line":28,"column":29}},"5":{"start":{"line":35,"column":4},"end":{"line":35,"column":30}},"6":{"start":{"line":37,"column":4},"end":{"line":37,"column":41}},"7":{"start":{"line":38,"column":4},"end":{"line":38,"column":22}}},"branchMap":{"1":{"line":25,"type":"if","locations":[{"start":{"line":25,"column":4},"end":{"line":25,"column":4}},{"start":{"line":25,"column":4},"end":{"line":25,"column":4}}]},"2":{"line":35,"type":"if","locations":[{"start":{"line":35,"column":4},"end":{"line":35,"column":4}},{"start":{"line":35,"column":4},"end":{"line":35,"column":4}}]},"3":{"line":38,"type":"if","locations":[{"start":{"line":38,"column":4},"end":{"line":38,"column":4}},{"start":{"line":38,"column":4},"end":{"line":38,"column":4}}]}}},"contracts/token/TokenVesting.sol":{"l":{"43":24,"44":24,"46":24,"47":24,"48":24,"49":24,"50":24,"58":0,"60":0,"62":0,"64":0,"66":0,"75":0,"76":0,"78":0,"80":0,"81":0,"83":0,"85":0,"87":0,"95":0,"103":0,"104":0,"106":0,"107":0,"109":0,"111":0},"path":"/Users/mhg/emindhub-crowdsale/contracts/token/TokenVesting.sol","s":{"1":24,"2":24,"3":24,"4":24,"5":24,"6":24,"7":24,"8":0,"9":0,"10":0,"11":0,"12":0,"13":0,"14":0,"15":0,"16":0,"17":0,"18":0,"19":0,"20":0,"21":0,"22":0,"23":0,"24":0,"25":0,"26":0},"b":{"1":[24,0],"2":[24,0],"3":[0,0],"4":[0,0],"5":[0,0],"6":[0,0],"7":[0,0]},"f":{"1":24,"2":0,"3":0,"4":0,"5":0},"fnMap":{"1":{"name":"TokenVesting","line":42,"loc":{"start":{"line":42,"column":2},"end":{"line":42,"column":120}}},"2":{"name":"release","line":57,"loc":{"start":{"line":57,"column":2},"end":{"line":57,"column":43}}},"3":{"name":"revoke","line":74,"loc":{"start":{"line":74,"column":2},"end":{"line":74,"column":52}}},"4":{"name":"releasableAmount","line":94,"loc":{"start":{"line":94,"column":2},"end":{"line":94,"column":75}}},"5":{"name":"vestedAmount","line":102,"loc":{"start":{"line":102,"column":2},"end":{"line":102,"column":71}}}},"statementMap":{"1":{"start":{"line":43,"column":4},"end":{"line":43,"column":38}},"2":{"start":{"line":44,"column":4},"end":{"line":44,"column":31}},"3":{"start":{"line":46,"column":4},"end":{"line":46,"column":29}},"4":{"start":{"line":47,"column":4},"end":{"line":47,"column":25}},"5":{"start":{"line":48,"column":4},"end":{"line":48,"column":23}},"6":{"start":{"line":49,"column":4},"end":{"line":49,"column":29}},"7":{"start":{"line":50,"column":4},"end":{"line":50,"column":17}},"8":{"start":{"line":58,"column":4},"end":{"line":58,"column":47}},"9":{"start":{"line":60,"column":4},"end":{"line":60,"column":26}},"10":{"start":{"line":62,"column":4},"end":{"line":62,"column":52}},"11":{"start":{"line":66,"column":4},"end":{"line":66,"column":23}},"12":{"start":{"line":75,"column":4},"end":{"line":75,"column":21}},"13":{"start":{"line":76,"column":4},"end":{"line":76,"column":27}},"14":{"start":{"line":78,"column":4},"end":{"line":78,"column":42}},"15":{"start":{"line":80,"column":4},"end":{"line":80,"column":47}},"16":{"start":{"line":81,"column":4},"end":{"line":81,"column":43}},"17":{"start":{"line":83,"column":4},"end":{"line":83,"column":24}},"18":{"start":{"line":87,"column":4},"end":{"line":87,"column":12}},"19":{"start":{"line":95,"column":4},"end":{"line":95,"column":51}},"20":{"start":{"line":103,"column":4},"end":{"line":103,"column":49}},"21":{"start":{"line":104,"column":4},"end":{"line":104,"column":61}},"22":{"start":{"line":106,"column":4},"end":{"line":106,"column":3214}},"23":{"start":{"line":107,"column":6},"end":{"line":107,"column":14}},"24":{"start":{"line":108,"column":11},"end":{"line":108,"column":3260}},"25":{"start":{"line":109,"column":6},"end":{"line":109,"column":25}},"26":{"start":{"line":111,"column":6},"end":{"line":111,"column":59}}},"branchMap":{"1":{"line":43,"type":"if","locations":[{"start":{"line":43,"column":4},"end":{"line":43,"column":4}},{"start":{"line":43,"column":4},"end":{"line":43,"column":4}}]},"2":{"line":44,"type":"if","locations":[{"start":{"line":44,"column":4},"end":{"line":44,"column":4}},{"start":{"line":44,"column":4},"end":{"line":44,"column":4}}]},"3":{"line":60,"type":"if","locations":[{"start":{"line":60,"column":4},"end":{"line":60,"column":4}},{"start":{"line":60,"column":4},"end":{"line":60,"column":4}}]},"4":{"line":75,"type":"if","locations":[{"start":{"line":75,"column":4},"end":{"line":75,"column":4}},{"start":{"line":75,"column":4},"end":{"line":75,"column":4}}]},"5":{"line":76,"type":"if","locations":[{"start":{"line":76,"column":4},"end":{"line":76,"column":4}},{"start":{"line":76,"column":4},"end":{"line":76,"column":4}}]},"6":{"line":106,"type":"if","locations":[{"start":{"line":106,"column":4},"end":{"line":106,"column":4}},{"start":{"line":106,"column":4},"end":{"line":106,"column":4}}]},"7":{"line":108,"type":"if","locations":[{"start":{"line":108,"column":11},"end":{"line":108,"column":11}},{"start":{"line":108,"column":11},"end":{"line":108,"column":11}}]}}}}